# x values, y std. 0.1, y std. 0.5 ;parameters: n=1000,
-1.000000000000000000e+00 2.922252072753191848e-02 4.552899985959564244e-01
-9.979979979979980431e-01 1.120385956424872070e-01 4.954794335222768020e-01
-9.959959959959959752e-01 -1.051288139545797362e-01 9.365464915041515903e-02
-9.939939939939940183e-01 -2.743260732758801002e-02 5.769643052442531284e-01
-9.919919919919919504e-01 2.898785592305664488e-02 -1.580925533311246245e-01
-9.899899899899899935e-01 2.539112611740809156e-01 -6.009891333629447940e-01
-9.879879879879880367e-01 1.787362276800636973e-01 -4.327930237757071641e-01
-9.859859859859859688e-01 1.878200377131268584e-02 1.161493447075565122e+00
-9.839839839839840119e-01 1.160324329899176388e-01 -1.999390485004976514e-01
-9.819819819819819440e-01 6.033455305484553000e-02 -5.159783452032004059e-01
-9.799799799799799871e-01 -6.416404264694232362e-02 3.014786702082983966e-02
-9.779779779779780302e-01 -4.266473746298578978e-02 5.738608290507932752e-01
-9.759759759759759623e-01 -6.507848336424734703e-02 2.791628520938261304e-01
-9.739739739739740054e-01 3.158435634625719746e-02 5.884004314183143014e-02
-9.719719719719719375e-01 5.643962704389644119e-02 4.718952231916377360e-01
-9.699699699699699806e-01 -1.381510061110079457e-01 7.150395017777153028e-02
-9.679679679679680238e-01 1.472914289358325801e-01 -5.342307040453004863e-01
-9.659659659659659559e-01 4.481815701044418454e-02 -3.713278121029583434e-01
-9.639639639639639990e-01 2.489422899886395771e-02 4.037803447795270118e-01
-9.619619619619619311e-01 8.614098310107676237e-03 -6.358699241400683766e-01
-9.599599599599599742e-01 2.004983138924295305e-01 -1.972684569899163243e-01
-9.579579579579580173e-01 2.288915297459769016e-02 3.802759452745695934e-01
-9.559559559559559494e-01 2.376293902114353859e-02 -2.545194469380277491e-01
-9.539539539539539925e-01 1.138940369560579868e-01 6.233381789564648168e-01
-9.519519519519519246e-01 4.220307620661809672e-02 -2.853792677709006131e-01
-9.499499499499499677e-01 1.206612973351644247e-01 -3.405955597113617950e-01
-9.479479479479478998e-01 5.131553404420952785e-02 7.140222229564582301e-01
-9.459459459459459429e-01 4.941482991591047980e-02 -6.481630294063750464e-01
-9.439439439439439861e-01 1.630196561655206655e-01 -1.227632045814394779e+00
-9.419419419419419182e-01 3.697156605426306364e-02 -3.761120704476085264e-01
-9.399399399399399613e-01 -4.677654775984807500e-02 1.584207263965621559e-02
-9.379379379379378934e-01 -8.243366520981387779e-02 6.491045433429032396e-02
-9.359359359359359365e-01 4.933254929838750552e-02 4.957724203770934035e-01
-9.339339339339339796e-01 -5.277339541098675924e-02 2.749207890264596804e-02
-9.319319319319319117e-01 1.188843127608081307e-01 -5.104782747727781844e-01
-9.299299299299299548e-01 7.202878553751849988e-02 -1.574167881946719194e-01
-9.279279279279278869e-01 1.331702611524667249e-02 -4.485359074316364603e-01
-9.259259259259259300e-01 -2.081424821405822995e-02 -3.009263294004998479e-01
-9.239239239239238621e-01 3.746618501335930579e-02 4.217432320102936782e-01
-9.219219219219219053e-01 1.041406022554541705e-01 2.081925545978868114e-02
-9.199199199199199484e-01 1.308942535461364853e-01 9.025243107303143608e-02
-9.179179179179178805e-01 -7.409582617567503360e-02 8.741678688732785751e-01
-9.159159159159159236e-01 2.356654062415298179e-01 1.521490789997970716e-01
-9.139139139139138557e-01 -1.881658369165601502e-02 -5.337885942344923196e-01
-9.119119119119118988e-01 -7.232617947842749639e-02 -3.171051354441106751e-01
-9.099099099099099419e-01 2.013068527428428511e-01 7.446021745317141227e-02
-9.079079079079078740e-01 1.679125532667973819e-01 -7.076096213930123113e-01
-9.059059059059059171e-01 1.401093807976130923e-01 5.987284404395357695e-01
-9.039039039039038492e-01 -2.088290704484962318e-02 -3.404874840861635832e-01
-9.019019019019018923e-01 1.538018827335438377e-01 -5.522643556027798661e-01
-8.998998998998999355e-01 3.609459865655766098e-02 1.142691795897601559e-01
-8.978978978978978676e-01 -9.205457669290237344e-02 9.031738029568746606e-01
-8.958958958958959107e-01 -1.967959632370760992e-02 2.708882739356353042e-01
-8.938938938938938428e-01 -7.853431497825219543e-02 6.294204088153219079e-01
-8.918918918918918859e-01 1.380910680789352585e-01 1.228814154430692140e-01
-8.898898898898899290e-01 1.654438669322347288e-01 -1.538842702060377321e-01
-8.878878878878878611e-01 -5.564005015909195134e-02 -8.653031414199097160e-03
-8.858858858858859042e-01 3.285418918460540627e-02 2.037247177451408653e-01
-8.838838838838838363e-01 8.816582725417020094e-02 3.789964185675110953e-01
-8.818818818818818794e-01 -6.771068508759742199e-02 -4.266422545108727871e-01
-8.798798798798799226e-01 1.428349526027986871e-01 -2.489197953000836516e-01
-8.778778778778778547e-01 -5.111970546952372685e-02 5.677670490005412018e-01
-8.758758758758758978e-01 -8.952035234662980567e-02 8.956059949759296313e-01
-8.738738738738738299e-01 -3.485443457544037948e-02 9.253866337942222575e-01
-8.718718718718718730e-01 1.278169928996523985e-02 1.307761400015543973e+00
-8.698698698698699161e-01 -3.574198473845036778e-02 7.349335508655825411e-01
-8.678678678678678482e-01 1.710288545986934916e-01 -9.975771802667194876e-01
-8.658658658658658913e-01 5.083953453711576725e-02 6.412015820406397060e-01
-8.638638638638638234e-01 -9.189912188737386911e-02 -4.082192751573315848e-01
-8.618618618618618665e-01 8.542727831709068242e-02 3.497257243882683775e-01
-8.598598598598599096e-01 -9.210276323402691312e-02 -4.622849626331413941e-01
-8.578578578578578417e-01 2.046289488300690740e-01 2.100890392396370376e-01
-8.558558558558558849e-01 -6.842448297686168357e-02 3.229564506862483420e-01
-8.538538538538538170e-01 7.460015864116910367e-03 3.999920183677708185e-01
-8.518518518518518601e-01 7.139580515354088108e-02 -6.251154909166972695e-01
-8.498498498498499032e-01 -2.536173184943870534e-02 3.775218191007462809e-01
-8.478478478478478353e-01 -4.582212949566957100e-02 2.797073009546972022e-01
-8.458458458458458784e-01 7.822318595774585548e-02 -3.697517211995741127e-01
-8.438438438438438105e-01 -1.029255090404392475e-01 1.029499024695947007e+00
-8.418418418418418536e-01 1.574514562853294719e-01 2.421396563078193620e-01
-8.398398398398398967e-01 -7.559073723512188536e-02 -2.387370114790851316e-01
-8.378378378378378288e-01 -7.162790888034406556e-02 -9.695269886219626265e-02
-8.358358358358358720e-01 3.967371958020104311e-02 4.266394254664274133e-01
-8.338338338338338041e-01 -1.667657908657212973e-01 -5.371915473156017029e-01
-8.318318318318318472e-01 5.286009939020187148e-02 -6.385534645838809586e-01
-8.298298298298298903e-01 -1.806495601125902156e-02 2.598914397386989927e-01
-8.278278278278278224e-01 8.847022555342189121e-02 -4.807676367234627879e-01
-8.258258258258258655e-01 4.455632909437591549e-02 1.407554647723584074e+00
-8.238238238238237976e-01 1.455726670596028116e-01 4.964823609409891314e-01
-8.218218218218218407e-01 -3.408544708471630824e-02 5.320806677534076767e-01
-8.198198198198198838e-01 1.357638237431811890e-01 6.025003884143653732e-01
-8.178178178178178159e-01 5.619734742042084563e-02 1.237673543715166746e-01
-8.158158158158157480e-01 4.875392344951101631e-03 -3.954997902316689240e-01
-8.138138138138137911e-01 7.834149436233887875e-02 -2.782839749452507561e-01
-8.118118118118118343e-01 -2.040118348215397975e-02 4.843755492250430006e-01
-8.098098098098098774e-01 -1.736969466129896500e-03 -2.421213526321602805e-01
-8.078078078078078095e-01 3.810481192863812705e-03 -5.508150981040783600e-01
-8.058058058058057416e-01 7.580770408321232945e-02 4.835147973963533907e-01
-8.038038038038037847e-01 4.657262719304586240e-02 8.546871063455179218e-01
-8.018018018018018278e-01 -1.546180907739825861e-01 -5.383205746583572537e-01
-7.997997997997998709e-01 2.023949764918517580e-01 3.718142789403973691e-01
-7.977977977977978030e-01 2.318204577755967333e-01 1.566957709473819071e-01
-7.957957957957957351e-01 -4.696370600337423928e-03 4.401721737585822525e-01
-7.937937937937937782e-01 1.431049006734663454e-01 1.632197260005885664e-01
-7.917917917917918214e-01 1.155608176969172285e-01 3.284133237826145635e-01
-7.897897897897897534e-01 1.748218720057382464e-02 2.141257890813349218e-01
-7.877877877877877966e-01 3.995619140325845642e-02 6.553718549603225751e-01
-7.857857857857857287e-01 1.677526666549531420e-01 2.984972368080926475e-01
-7.837837837837837718e-01 -9.976809289638180478e-02 -1.213345323656633556e-01
-7.817817817817818149e-01 1.430315243688067006e-01 -9.558697203492094729e-01
-7.797797797797797470e-01 1.864057131682587132e-01 2.509226424918984955e-01
-7.777777777777777901e-01 -1.984395894221627210e-03 -2.081848194053856071e-01
-7.757757757757757222e-01 2.094862393884408536e-01 -4.008632192601687128e-01
-7.737737737737737653e-01 1.419599412229117785e-01 -2.673283166523403587e-01
-7.717717717717718084e-01 1.725167603030443864e-01 3.231503385595762001e-01
-7.697697697697697405e-01 5.380406772187081021e-02 9.037260150343233711e-01
-7.677677677677677837e-01 -3.998370123053057723e-02 8.367586269107332164e-01
-7.657657657657657158e-01 2.621280377449605736e-02 9.292468882391110574e-01
-7.637637637637637589e-01 -1.618630663195027575e-01 2.755401683212724273e-01
-7.617617617617618020e-01 -1.855583698699407591e-02 -1.794989501590955050e-01
-7.597597597597597341e-01 1.311841000392716117e-01 -9.531210822503224933e-02
-7.577577577577577772e-01 -2.016692713446865959e-02 -5.460537229609753462e-02
-7.557557557557557093e-01 1.033874817490204184e-01 3.662189359537256217e-01
-7.537537537537537524e-01 2.683074923252489197e-01 -1.479516488472179536e-02
-7.517517517517517955e-01 1.225701669699681695e-02 8.941748397899472456e-02
-7.497497497497497276e-01 9.954798514039117641e-02 1.820520329980373497e-01
-7.477477477477477708e-01 -8.762071519700907751e-02 7.114271551620265921e-02
-7.457457457457457028e-01 1.609525920486847284e-01 -8.357222520863955006e-01
-7.437437437437437460e-01 1.608475927054394683e-01 3.356078866680982098e-01
-7.417417417417417891e-01 2.228489389355145511e-03 4.754958645351227142e-01
-7.397397397397397212e-01 -2.835578865257080972e-02 3.052925958468961087e-01
-7.377377377377377643e-01 2.444177396565352933e-02 9.986062431172421094e-02
-7.357357357357356964e-01 -5.627989120240362020e-02 -8.313731722637091037e-01
-7.337337337337337395e-01 1.235386711318814390e-01 1.279175367100975125e+00
-7.317317317317317826e-01 1.746077225465949290e-01 -4.654184299830991245e-01
-7.297297297297297147e-01 8.166478026070250751e-02 -1.580520063593470748e-01
-7.277277277277277578e-01 -1.106586887854884987e-01 -1.147981626046377518e-01
-7.257257257257256899e-01 2.299933993745488792e-01 6.878622867577650624e-01
-7.237237237237237331e-01 1.188760837686751309e-01 6.824404875632460177e-02
-7.217217217217217762e-01 9.446109094375024218e-02 1.949064001659649853e-02
-7.197197197197197083e-01 -8.947849542792765676e-02 -6.952467054739855379e-02
-7.177177177177176404e-01 6.072942455226673641e-02 -6.374115597557458712e-02
-7.157157157157156835e-01 7.677268772753387260e-02 2.885447333802137471e-01
-7.137137137137137266e-01 8.326850263733717727e-02 1.553774665413203970e-01
-7.117117117117117697e-01 1.309454103067672626e-01 8.902624519272840653e-02
-7.097097097097097018e-01 -1.078745165214964330e-02 8.183737779447527450e-01
-7.077077077077076339e-01 2.541915742024888902e-02 8.258505557621059756e-03
-7.057057057057056770e-01 -1.647735662252750033e-03 1.018669132750716466e+00
-7.037037037037037202e-01 5.174680445188333672e-02 -3.633331776591967599e-01
-7.017017017017017633e-01 -1.073897021803412177e-01 -3.536510878152400172e-01
-6.996996996996996954e-01 1.711771753198998991e-01 1.314770300309652251e+00
-6.976976976976976275e-01 1.229769270752969212e-01 8.077549611696237253e-02
-6.956956956956956706e-01 1.518779186420695371e-01 5.770604715199609824e-01
-6.936936936936937137e-01 6.050721391143295408e-02 -5.087302657062726663e-01
-6.916916916916917568e-01 1.054946770687034269e-01 1.125015097379342965e-01
-6.896896896896896889e-01 2.759591114839987647e-02 -4.335106865190051229e-02
-6.876876876876876210e-01 2.350706999392053742e-01 3.860540763036602457e-02
-6.856856856856856641e-01 -4.699700094976257125e-02 5.826219276407922365e-01
-6.836836836836837072e-01 -5.810129075544802346e-02 7.237536706491651262e-02
-6.816816816816817504e-01 6.574016072043330217e-02 1.494601609603376513e-01
-6.796796796796796825e-01 9.613071323467989315e-02 4.913173850930371289e-01
-6.776776776776776146e-01 3.147509739473778878e-01 1.637944536300106058e-01
-6.756756756756756577e-01 1.852386434784197566e-01 1.280259768185717073e+00
-6.736736736736737008e-01 1.348459295564998772e-01 5.082936899028324129e-01
-6.716716716716717439e-01 -6.741684126776961716e-03 3.410681451232457778e-02
-6.696696696696696760e-01 -1.608318585391661781e-02 6.088560842244313820e-01
-6.676676676676676081e-01 -1.660385414662512993e-02 6.097607639058949536e-01
-6.656656656656656512e-01 1.602302328785743801e-01 1.240705148767153043e-02
-6.636636636636636943e-01 1.762890476044752519e-01 9.852854374581139496e-02
-6.616616616616617375e-01 1.713845162053655446e-01 6.634873004310576361e-01
-6.596596596596596696e-01 -1.083245852395911535e-02 5.011976411080409921e-02
-6.576576576576576016e-01 -5.906263869293915114e-02 -4.471393078495372597e-01
-6.556556556556556448e-01 9.289182127749949502e-02 7.182253226322540818e-02
-6.536536536536536879e-01 1.320668037546655349e-01 -1.830918842895081777e-01
-6.516516516516517310e-01 1.063799656671974014e-01 7.050226099282790315e-01
-6.496496496496496631e-01 1.635503368297780424e-01 5.551486563962829690e-01
-6.476476476476475952e-01 1.690152075226285799e-01 2.837425631920300617e-01
-6.456456456456456383e-01 2.126382475725509535e-01 -6.549234920924168479e-01
-6.436436436436436814e-01 1.662056857157462320e-01 -1.099742983860376028e-01
-6.416416416416417245e-01 -7.349133946524645522e-02 1.657696395357914354e-01
-6.396396396396396566e-01 2.054440686598714427e-02 -4.432877407326155095e-02
-6.376376376376375887e-01 6.674635692819487487e-02 1.505884393115027586e-01
-6.356356356356356319e-01 2.740018245665286067e-01 -6.833762806007765978e-01
-6.336336336336336750e-01 2.060751331858445834e-02 1.341879626722237484e+00
-6.316316316316316071e-01 5.955877255210215854e-02 7.114060162676685284e-01
-6.296296296296296502e-01 6.877317744029325108e-02 -1.256105087057826641e-03
-6.276276276276275823e-01 1.623991705991857382e-01 1.048439629557538888e+00
-6.256256256256256254e-01 6.056011383501636730e-02 -3.230185966992613622e-01
-6.236236236236236685e-01 1.209706628208759849e-01 3.821811643071910680e-01
-6.216216216216216006e-01 -4.524376498246997225e-02 -5.281268078323221593e-02
-6.196196196196196437e-01 1.034358711461285940e-01 8.536625887212614394e-01
-6.176176176176175758e-01 2.120129072237194601e-01 4.705708226533034111e-01
-6.156156156156156189e-01 1.521587582693899043e-01 8.432845495578636941e-01
-6.136136136136136621e-01 7.287018174303856732e-02 2.303895184355798098e-01
-6.116116116116115942e-01 1.824773027411382698e-01 -9.433113896338479742e-01
-6.096096096096096373e-01 1.814146934625595620e-01 8.157461686182196359e-02
-6.076076076076075694e-01 1.383146455537745678e-01 2.119037422442789920e-01
-6.056056056056056125e-01 1.669005234063991594e-01 -1.428312655088186944e-01
-6.036036036036036556e-01 2.038806193593964422e-01 -3.473038087350245884e-01
-6.016016016016015877e-01 2.652601380543838372e-02 7.550830798000713884e-01
-5.995995995995996308e-01 3.912064142081250057e-02 6.434948434541544193e-01
-5.975975975975975629e-01 1.656028959876149342e-01 -3.853539726192446446e-01
-5.955955955955956060e-01 2.723057776477967318e-01 -6.267631356855563052e-01
-5.935935935935936492e-01 9.072468829951774172e-02 4.644244879714905516e-01
-5.915915915915915813e-01 -1.006682523848681510e-03 -1.156685345045931901e-01
-5.895895895895895134e-01 2.255305580216988848e-01 -8.360281451923441409e-01
-5.875875875875875565e-01 7.165650631245282232e-02 -6.501074453335898840e-01
-5.855855855855855996e-01 6.383950708909578997e-02 1.182368999630709350e-01
-5.835835835835836427e-01 -1.329733459000088658e-01 5.788544801641714033e-01
-5.815815815815815748e-01 9.211232743955755087e-02 -6.615764031845875470e-01
-5.795795795795795069e-01 1.659878245520795825e-01 1.860790301500096777e-01
-5.775775775775775500e-01 5.798659798524063991e-03 1.339207989279658229e+00
-5.755755755755755931e-01 1.957202273557280825e-01 -8.750212243400095069e-01
-5.735735735735736363e-01 3.289531933102871064e-03 -5.291480751491222101e-01
-5.715715715715715683e-01 4.502078921937928413e-02 -3.047490574750520986e-01
-5.695695695695695004e-01 1.039288023613435530e-02 -4.941183492586923576e-01
-5.675675675675675436e-01 1.670760616841271418e-02 1.086791518283437119e+00
-5.655655655655655867e-01 -4.224472569015416679e-02 -1.812500091913635258e-02
-5.635635635635636298e-01 7.252004216603877285e-02 2.858969007261047413e-02
-5.615615615615615619e-01 6.611248103036700130e-02 1.990598080703734896e-01
-5.595595595595594940e-01 7.731817112520267266e-02 -1.449574825325441463e+00
-5.575575575575575371e-01 1.275117306120618910e-01 -3.961149379149188077e-01
-5.555555555555555802e-01 -5.905141040642701566e-02 8.953402840660920070e-01
-5.535535535535536233e-01 1.575414232136861381e-01 6.883109134638026871e-01
-5.515515515515515554e-01 1.679747460624885502e-01 -4.351782326689737634e-02
-5.495495495495494875e-01 9.451986556063665668e-02 -3.924198327792912666e-01
-5.475475475475475307e-01 1.689423174160860908e-01 -1.318308542645881820e-01
-5.455455455455455738e-01 1.047991569330024714e-01 5.937154751917104178e-01
-5.435435435435436169e-01 2.942917525787884236e-01 2.199564983957798536e-01
-5.415415415415415490e-01 2.216413702374917527e-01 6.212122043845607067e-01
-5.395395395395394811e-01 1.967410546472378452e-01 -3.636286883998450792e-01
-5.375375375375375242e-01 -1.986524900611660871e-02 8.879999485766483514e-02
-5.355355355355355673e-01 1.183062014609863322e-01 8.634475761338824551e-01
-5.335335335335336104e-01 1.886099561387116763e-01 -3.215945474087008038e-01
-5.315315315315315425e-01 2.148426375738599625e-01 -6.641918179516440590e-01
-5.295295295295294746e-01 1.154292575701377777e-01 7.251638029024463084e-01
-5.275275275275275177e-01 3.227202754817027341e-01 2.115882546893523564e-01
-5.255255255255255609e-01 1.698880830933656438e-01 2.808358879087010651e-01
-5.235235235235236040e-01 6.374850311153611171e-02 -4.711571943320063682e-01
-5.215215215215215361e-01 6.102866244990180766e-02 -3.136104660876921635e-01
-5.195195195195194682e-01 1.810887498561173925e-01 2.987910712291221016e-02
-5.175175175175175113e-01 2.104913123192240498e-01 -4.077632148026739678e-01
-5.155155155155155544e-01 1.872298950899849435e-01 7.286137923795490412e-01
-5.135135135135135975e-01 1.144162369676626906e-01 9.798777407071610490e-01
-5.115115115115115296e-01 2.423394540482906034e-01 5.087604372008842635e-01
-5.095095095095094617e-01 -1.283447959488387413e-02 -2.373675442304646610e-01
-5.075075075075075048e-01 7.535683535318025983e-02 3.520438145285543774e-01
-5.055055055055055480e-01 1.516128358288113265e-01 -5.843230639580593300e-01
-5.035035035035034801e-01 2.217512093088643277e-01 4.817650962684863480e-01
-5.015015015015015232e-01 1.840034930464308216e-01 3.146936711660323627e-01
-4.994994994994994553e-01 3.325525305348506211e-02 -2.597191300897738753e-02
-4.974974974974974984e-01 2.502311346105184908e-01 4.329331666941578227e-01
-4.954954954954955415e-01 2.928158980039098358e-01 -1.396389039184633696e-01
-4.934934934934934736e-01 3.196530629338372176e-01 2.620003636877309416e-01
-4.914914914914915167e-01 1.768722868697776285e-01 1.359904949098409865e+00
-4.894894894894894488e-01 3.587061923144233000e-01 1.041619450636873889e+00
-4.874874874874874919e-01 2.093283739927810916e-01 1.505815906248736125e-01
-4.854854854854855351e-01 1.825505291336330105e-01 -1.350212891722514241e-01
-4.834834834834834671e-01 1.536467908232010682e-01 1.073838477711313577e-01
-4.814814814814815103e-01 7.691138824081285297e-02 -1.888833671377150858e-01
-4.794794794794794424e-01 1.201440889949442758e-01 1.815441589017638413e-02
-4.774774774774774855e-01 1.572465255380448845e-01 -4.227677651173511464e-01
-4.754754754754755286e-01 1.133839136654716251e-01 2.655620035309489424e-01
-4.734734734734734607e-01 1.534474931691957311e-01 3.648156790327433119e-01
-4.714714714714715038e-01 -6.638613783863625550e-02 -4.994899941551684819e-01
-4.694694694694694359e-01 2.544626965617539649e-01 2.480532382139525593e-01
-4.674674674674674790e-01 -1.689991603475615722e-02 1.727827649545153332e-01
-4.654654654654655221e-01 1.753529520048878465e-01 2.475846165352051653e-01
-4.634634634634634542e-01 1.690974325530364419e-01 3.572687031467168817e-01
-4.614614614614614974e-01 1.473460253547089482e-01 3.838452583057389567e-01
-4.594594594594594295e-01 9.784584445808869324e-02 7.361702510830636648e-01
-4.574574574574574726e-01 2.467184315207204270e-01 8.857299456290212980e-01
-4.554554554554555157e-01 2.176598982368644908e-01 6.638700554068368564e-01
-4.534534534534534478e-01 2.420371265912828196e-01 1.199283902974283278e-01
-4.514514514514514909e-01 9.770594981594143968e-02 -6.908700861326683151e-02
-4.494494494494494230e-01 2.730100332908149685e-01 3.337436714541860416e-01
-4.474474474474474661e-01 6.153128633763775557e-02 4.181309760420967581e-01
-4.454454454454453982e-01 1.946814949356651114e-01 9.569572304316263656e-02
-4.434434434434434413e-01 5.421059052525308009e-02 1.026465041456199545e+00
-4.414414414414414845e-01 2.444590806452742737e-01 1.350068161536496225e-01
-4.394394394394394165e-01 7.704202129510240304e-02 5.461858128975499715e-01
-4.374374374374374597e-01 2.798823886194466426e-01 3.254909360844804311e-01
-4.354354354354353918e-01 -1.615528411213401627e-03 8.912425405212087703e-02
-4.334334334334334349e-01 4.426876077884223104e-02 -2.467419519544561679e-01
-4.314314314314314780e-01 1.526691721109943445e-01 -7.667112420055943733e-02
-4.294294294294294101e-01 1.884711243124971847e-01 8.268187252910943474e-01
-4.274274274274274532e-01 3.152508953818683457e-01 -6.529087897595042822e-01
-4.254254254254253853e-01 1.942097735451675244e-01 2.942012875385524584e-01
-4.234234234234234284e-01 2.439555005696918966e-01 2.694783001819129886e-01
-4.214214214214214715e-01 7.903232223374950793e-02 -7.830222633052336123e-01
-4.194194194194194036e-01 1.488370183342060671e-01 -3.022440972610530574e-01
-4.174174174174174468e-01 9.602713109557582671e-02 5.860838871924999305e-01
-4.154154154154153789e-01 1.656953830311629627e-01 2.792821310751911201e-01
-4.134134134134134220e-01 1.959504796816433358e-01 6.959933566728990773e-01
-4.114114114114114651e-01 1.185802564393014097e-01 -1.209357875881529598e-01
-4.094094094094093972e-01 2.369410001704709556e-01 4.558523793480020458e-01
-4.074074074074074403e-01 2.587482863445068615e-01 9.068033535455910510e-02
-4.054054054054053724e-01 -2.769672604714223940e-03 -4.071336232653772758e-01
-4.034034034034034155e-01 6.502487995522815423e-02 -6.065540333466354905e-01
-4.014014014014014586e-01 1.129890232126981031e-01 5.151124823730872659e-01
-3.993993993993993907e-01 1.378990824339615395e-01 -4.411286115803184638e-01
-3.973973973973974338e-01 1.963377800828235431e-01 -1.566677989210926158e-01
-3.953953953953953659e-01 2.112284718186035193e-01 2.740574980337815436e-01
-3.933933933933934091e-01 8.932926225312026736e-02 -8.062840762399484662e-01
-3.913913913913913412e-01 1.701589843357218801e-01 -5.615124384413606728e-01
-3.893893893893893843e-01 1.330924923718596886e-01 -4.214467824433233978e-01
-3.873873873873874274e-01 3.156210834201367832e-01 1.703511084482985383e-01
-3.853853853853853595e-01 1.831874265783617894e-01 9.056192322679689211e-01
-3.833833833833834026e-01 1.383174627156539271e-01 4.111324401567073017e-01
-3.813813813813813347e-01 2.786869980773087896e-01 3.673532635116563139e-01
-3.793793793793793778e-01 1.514417462185822516e-01 4.531768075472884516e-01
-3.773773773773774209e-01 4.081135828085785677e-02 1.297529541763369210e+00
-3.753753753753753530e-01 1.773308408719836138e-01 -4.315710309040146075e-01
-3.733733733733733962e-01 1.465003457725660430e-01 5.646473322598133393e-01
-3.713713713713713283e-01 9.719134802901499559e-02 2.590757808337839641e-01
-3.693693693693693714e-01 2.466605823044269452e-01 7.341988887705596101e-01
-3.673673673673674145e-01 2.401087468817326154e-01 6.495165326822646135e-01
-3.653653653653653466e-01 2.443814381964961313e-01 7.909783876850606799e-01
-3.633633633633633897e-01 4.564199742597940257e-01 3.079872925966614661e-01
-3.613613613613613218e-01 1.823379827818580323e-01 2.271072774068250977e-01
-3.593593593593593649e-01 -7.217844324016481350e-03 2.278572815349527991e-01
-3.573573573573574080e-01 1.747740849787169926e-01 6.811311559188659714e-01
-3.553553553553553401e-01 1.835694463851713920e-01 -1.170652099557115411e-01
-3.533533533533533832e-01 2.784612982759377409e-01 3.666446803890163197e-01
-3.513513513513513153e-01 3.328433527746412213e-01 6.717465517995810376e-02
-3.493493493493493585e-01 2.621582437445845737e-01 2.539372710191802329e-01
-3.473473473473474016e-01 4.073702434770518077e-02 2.184174922773604033e-01
-3.453453453453453337e-01 2.052846784799306767e-01 5.769542174353844421e-01
-3.433433433433433768e-01 2.221662568714767860e-01 8.901793584759357114e-02
-3.413413413413413089e-01 1.139293981595025651e-01 9.612189359875933370e-02
-3.393393393393393520e-01 3.287722765586451046e-01 5.940788982387921191e-01
-3.373373373373373951e-01 2.128973932138508718e-01 -4.573195965562495413e-01
-3.353353353353353272e-01 1.651921445399685273e-01 4.969652431323351438e-01
-3.333333333333333703e-01 2.476203139448471258e-01 4.687439701219479060e-01
-3.313313313313313024e-01 1.634765052810507879e-01 8.661680576254907615e-01
-3.293293293293293456e-01 2.706381533512027260e-01 3.215370144597017310e-01
-3.273273273273273887e-01 3.430010682014216772e-01 -1.129467370456909703e-01
-3.253253253253253208e-01 2.473276292532944898e-01 1.228551935543238161e+00
-3.233233233233233639e-01 1.642914936765427769e-01 8.150858121150860169e-01
-3.213213213213212960e-01 1.402741369091143331e-01 5.930922678673471449e-01
-3.193193193193193391e-01 2.991305645517640110e-01 2.667969140763520319e-01
-3.173173173173172712e-01 1.981795119456156162e-01 7.954736930532116945e-01
-3.153153153153153143e-01 2.521101611503380746e-01 -1.893804268894219711e-01
-3.133133133133133574e-01 2.077878398698898010e-01 1.388615066148932153e-01
-3.113113113113112895e-01 2.438962459662298576e-01 1.847058077790610930e-01
-3.093093093093093326e-01 3.969542264816138810e-01 5.109881710552388601e-02
-3.073073073073072647e-01 2.216751154607221330e-01 1.134224031084421158e+00
-3.053053053053053079e-01 2.932627059552097570e-01 1.307594045729622845e-01
-3.033033033033033510e-01 1.946799432506856609e-01 -1.024456554972715816e-01
-3.013013013013012831e-01 2.524678405083237709e-01 9.887478802752994733e-01
-2.992992992992993262e-01 2.669679526454629137e-01 5.078128164472708317e-01
-2.972972972972972583e-01 2.682029499966659403e-01 -9.214113951506602840e-02
-2.952952952952953014e-01 2.946502866412304411e-01 1.408429417112024296e-01
-2.932932932932933445e-01 2.067524506092806025e-01 7.976054787947539637e-01
-2.912912912912912766e-01 2.874375720227970166e-01 2.979393340444785876e-01
-2.892892892892893197e-01 4.645641128262920638e-01 1.888427487279746297e-01
-2.872872872872872518e-01 2.369868487931587331e-01 2.541205135851516417e-01
-2.852852852852852950e-01 4.060680642046514133e-01 1.439410073204686835e+00
-2.832832832832833381e-01 5.437362657368062235e-01 1.263369986647712606e+00
-2.812812812812812702e-01 3.118252365493664469e-01 3.438615214482252935e-01
-2.792792792792793133e-01 4.745695642056029229e-01 2.379747536181599510e-01
-2.772772772772772454e-01 2.123175010789297434e-01 1.221207046605810032e-01
-2.752752752752752885e-01 4.694702888663895290e-01 -4.974418847212764838e-01
-2.732732732732733316e-01 3.691060636126817229e-01 -1.927986899800700482e-01
-2.712712712712712637e-01 4.746062880070933687e-01 8.378274723681006231e-02
-2.692692692692693068e-01 2.659280638448384693e-01 1.674978773058972414e-01
-2.672672672672672389e-01 3.748193490092541214e-01 5.933212756202121962e-02
-2.652652652652652820e-01 2.477029058956319862e-01 -3.626812397024031798e-01
-2.632632632632632141e-01 3.327678316806374492e-01 1.399273021607382761e+00
-2.612612612612612573e-01 1.967075291014322158e-01 1.198017393124537477e+00
-2.592592592592593004e-01 3.647901034599549952e-01 -5.766518758790764032e-01
-2.572572572572572325e-01 2.907795293871672238e-01 1.325527233622651790e+00
-2.552552552552552756e-01 3.100829818560740803e-01 6.778582079259903859e-02
-2.532532532532532077e-01 4.667821020719085112e-01 9.325729269882003791e-01
-2.512512512512512508e-01 1.502471392469167388e-01 1.236940938322833361e+00
-2.492492492492492939e-01 2.968680941772840476e-01 2.022533502569354158e-01
-2.472472472472472260e-01 3.014226559567608210e-01 7.851407472966211998e-01
-2.452452452452452691e-01 4.365653276740230626e-01 1.408274588077914835e+00
-2.432432432432432012e-01 5.171202514503993042e-01 3.493257522756781364e-01
-2.412412412412412444e-01 3.820422272883664538e-01 5.332486135076450751e-01
-2.392392392392392875e-01 3.609893234257423589e-01 -1.013928392824882785e+00
-2.372372372372372196e-01 5.278672162001292190e-01 3.278158865612890716e-01
-2.352352352352352627e-01 4.620353336093135921e-01 3.976333562051996839e-01
-2.332332332332331948e-01 4.220924347767877061e-01 5.234149038467602599e-01
-2.312312312312312379e-01 5.402585419727922167e-01 5.887619914162495194e-02
-2.292292292292292810e-01 4.416580275319563764e-01 3.295338632184482419e-01
-2.272272272272272131e-01 3.751761341595339916e-01 6.247984471588708955e-01
-2.252252252252252562e-01 5.662296791037493282e-01 5.556256444124799687e-01
-2.232232232232231883e-01 4.789179176656088166e-01 1.252557641998969018e+00
-2.212212212212212314e-01 3.831842510219077291e-01 -6.626832108039729663e-01
-2.192192192192192746e-01 3.482066920548221312e-01 -1.595611665059252782e-01
-2.172172172172172067e-01 4.471471207469278619e-01 3.029912133419921383e-01
-2.152152152152152498e-01 4.900518685626964466e-01 1.439358769102742075e+00
-2.132132132132131819e-01 4.383137699113852648e-01 7.789065400979533482e-01
-2.112112112112112250e-01 4.170515301593373247e-01 7.481821950731477600e-01
-2.092092092092092681e-01 4.829126247699909169e-01 -1.195729714047547576e-01
-2.072072072072072002e-01 6.545850042678029723e-01 7.160567035853049322e-01
-2.052052052052052433e-01 5.230980970205076908e-01 9.936778031797213195e-01
-2.032032032032031754e-01 5.461967288079260241e-01 6.237240401185180083e-01
-2.012012012012012185e-01 4.877325458703555272e-01 4.513992363025410293e-01
-1.991991991991992617e-01 5.444880371200273572e-01 -3.261292307482103192e-01
-1.971971971971971938e-01 5.093046307803495987e-01 4.624838163929917423e-02
-1.951951951951952369e-01 5.839835938417364813e-01 1.758533910648203857e+00
-1.931931931931931690e-01 4.999337868241027216e-01 1.282152958614295013e+00
-1.911911911911912121e-01 5.821748349112443321e-01 -2.914286627792604945e-01
-1.891891891891891442e-01 5.380382626816589964e-01 4.809794934585318593e-01
-1.871871871871871873e-01 6.083273636754874536e-01 7.961650362102545841e-02
-1.851851851851852304e-01 4.108427527135505852e-01 3.312663441655048224e-01
-1.831831831831831625e-01 5.082712067010094481e-01 7.038788866050538218e-02
-1.811811811811812056e-01 7.405809611907934187e-01 1.152287781445286985e+00
-1.791791791791791377e-01 7.294096839885378936e-01 6.627595446648871791e-01
-1.771771771771771808e-01 8.201206548451404066e-01 1.054959338877068165e+00
-1.751751751751752240e-01 6.146254804677867556e-01 7.720150452539675801e-01
-1.731731731731731561e-01 5.444779485375454975e-01 3.233690647435984999e-01
-1.711711711711711992e-01 6.646865682168221490e-01 3.708726841858410728e-01
-1.691691691691691313e-01 5.323280067182140085e-01 2.947907205286329768e-01
-1.671671671671671744e-01 6.935170695456379653e-01 2.974010179836945600e-01
-1.651651651651652175e-01 4.944448106314317526e-01 3.078109401170381343e-01
-1.631631631631631496e-01 6.776182636724594754e-01 1.095465823336536415e+00
-1.611611611611611927e-01 4.405964372227707537e-01 2.588216100117496921e-01
-1.591591591591591248e-01 6.154938284992325093e-01 5.314500758788220924e-01
-1.571571571571571679e-01 7.973475724094064576e-01 1.117651252868560041e+00
-1.551551551551552111e-01 4.427966454644085559e-01 7.140256485341364145e-01
-1.531531531531531432e-01 6.696117310451044080e-01 -3.981596761570805887e-01
-1.511511511511511863e-01 5.872041580378534187e-01 9.329771036709277876e-02
-1.491491491491491184e-01 8.035288645748861480e-01 8.312335413888984892e-01
-1.471471471471471615e-01 4.639545100914875819e-01 6.445553680322030354e-01
-1.451451451451452046e-01 5.174541773592685745e-01 4.848913649352903921e-01
-1.431431431431431367e-01 8.979964851581245799e-01 7.565687120529396292e-01
-1.411411411411411798e-01 6.224025781991062711e-01 9.506489686060932698e-01
-1.391391391391391119e-01 6.601413700545756269e-01 9.470945668006105489e-01
-1.371371371371371550e-01 6.391671781108472228e-01 3.623604483189946102e-02
-1.351351351351350871e-01 7.470805095343087121e-01 1.244959253981737790e-01
-1.331331331331331302e-01 6.535363084548508894e-01 1.234497949737916933e+00
-1.311311311311311734e-01 6.752194139754544855e-01 9.037081924908796360e-01
-1.291291291291291055e-01 6.102272076823705982e-01 9.424782600164124391e-01
-1.271271271271271486e-01 7.313454129170461337e-01 4.299150978747881546e-01
-1.251251251251250807e-01 7.652804328368250086e-01 7.602546769285569717e-01
-1.231231231231231238e-01 8.384161272954537836e-01 1.129639403728519786e+00
-1.211211211211211669e-01 7.891020474041137156e-01 4.457788437554878191e-01
-1.191191191191190990e-01 7.734418232750519540e-01 -1.108974208865577404e-01
-1.171171171171171421e-01 7.375474146536242781e-01 1.146887431806554503e+00
-1.151151151151150742e-01 8.881656302299263395e-01 4.984809625570033043e-01
-1.131131131131131173e-01 6.274008628298536339e-01 4.170823463283810373e-01
-1.111111111111111605e-01 7.090081206077243348e-01 1.348516786194022377e+00
-1.091091091091090926e-01 7.226893033138434008e-01 4.930911282093584647e-01
-1.071071071071071357e-01 6.954305626314302158e-01 7.874623147127329803e-01
-1.051051051051050678e-01 8.067573735510696897e-01 1.711737106291606025e+00
-1.031031031031031109e-01 7.633947928318244314e-01 2.417538660207512180e-01
-1.011011011011011540e-01 8.581160895452077941e-01 1.249171150816432263e+00
-9.909909909909908610e-02 6.923548412646886030e-01 8.180851751755275902e-01
-9.709709709709712921e-02 8.192231552625498514e-01 6.467205112155771651e-01
-9.509509509509506131e-02 9.564009558336336037e-01 6.638671849309107920e-01
-9.309309309309310443e-02 7.304075610455719181e-01 -1.029549369497549938e-01
-9.109109109109114755e-02 7.742546873408302499e-01 7.141882814642578348e-01
-8.908908908908907964e-02 8.610778775030234478e-01 -4.067317582161533718e-01
-8.708708708708712276e-02 7.698581418602380433e-01 9.017329865737171435e-01
-8.508508508508505486e-02 7.789919992577376551e-01 8.176048479124133905e-01
-8.308308308308309797e-02 7.957834967878781862e-01 1.114362957183673730e+00
-8.108108108108114109e-02 8.302657610931647447e-01 7.758110855471276324e-01
-7.907907907907907319e-02 7.808258434605503950e-01 9.329240924634026877e-01
-7.707707707707711631e-02 1.161648221638920120e+00 1.375719721370349813e+00
-7.507507507507504840e-02 7.770634468078485568e-01 6.922517891340255192e-01
-7.307307307307309152e-02 8.558004837417978461e-01 3.349189490962661830e-01
-7.107107107107113464e-02 1.065925288373048119e+00 5.131410500843465172e-01
-6.906906906906906674e-02 8.968336771792917439e-01 1.079025053687791003e+00
-6.706706706706710985e-02 9.066728181991274838e-01 4.855959243557684268e-01
-6.506506506506504195e-02 7.077217141124083621e-01 5.359714021404300421e-01
-6.306306306306308507e-02 9.859779644471310389e-01 1.662413738504042282e+00
-6.106106106106101716e-02 9.622640813521299297e-01 4.130189424953786270e-01
-5.905905905905906028e-02 9.175601241644354422e-01 1.239408168928926690e+00
-5.705705705705710340e-02 8.250407181706133075e-01 9.781843087389234803e-01
-5.505505505505503550e-02 8.759033362920495280e-01 7.121373728771197564e-01
-5.305305305305307861e-02 9.248420495222283710e-01 2.059352138712768454e+00
-5.105105105105101071e-02 1.036819349843097982e+00 1.304754935973099439e+00
-4.904904904904905383e-02 9.702752767690807634e-01 9.958334228373424413e-01
-4.704704704704709695e-02 7.298971387339838746e-01 9.699332221396124165e-01
-4.504504504504502904e-02 7.908265436694816852e-01 1.712431664252953567e+00
-4.304304304304307216e-02 8.964296930710400346e-01 1.356111814378366143e+00
-4.104104104104100426e-02 1.063392264849361224e+00 9.455569524793893121e-01
-3.903903903903904737e-02 7.916809746762953903e-01 2.954527270729465638e-01
-3.703703703703709049e-02 9.570658077214739823e-01 6.236777053418420813e-01
-3.503503503503502259e-02 9.297300456893223819e-01 1.095792842239763143e+00
-3.303303303303306571e-02 9.450486430163695939e-01 1.322900224294127458e+00
-3.103103103103099780e-02 1.069854221781421755e+00 1.429272479693218800e+00
-2.902902902902904092e-02 1.088958605954638781e+00 5.083003888548689453e-01
-2.702702702702708404e-02 9.930079246883380950e-01 1.242385952124724247e+00
-2.502502502502501613e-02 8.037089300442754602e-01 3.330193174144117085e-01
-2.302302302302305925e-02 1.079609558676237979e+00 6.344956631688946080e-01
-2.102102102102099135e-02 1.103148162800676513e+00 1.375035138685350766e+00
-1.901901901901903447e-02 9.036542667602615042e-01 6.287480110767167396e-01
-1.701701701701707758e-02 9.033879307929599811e-01 1.646583148256136830e+00
-1.501501501501500968e-02 1.136025372893385343e+00 1.033064884321025501e+00
-1.301301301301305280e-02 9.060542376212094018e-01 4.123966873876827588e-01
-1.101101101101098489e-02 1.098651703009104974e+00 6.038938747247784011e-01
-9.009009009009028013e-03 1.034098110578190788e+00 9.344417573358868578e-01
-7.007007007006960109e-03 1.076645479330864408e+00 5.205084548655575238e-01
-5.005005005005003227e-03 1.003953102750146931e+00 1.434219716667844757e+00
-3.003003003003046345e-03 1.072874995302005363e+00 1.190580878218687078e+00
-1.001001001000978441e-03 8.240923415510850170e-01 1.184981734063145442e+00
1.001001001001089463e-03 9.039795825320007250e-01 1.816827395971590597e+00
3.003003003003046345e-03 9.080291817595009807e-01 1.280112722578672368e+00
5.005005005005003227e-03 9.345491109949337627e-01 1.180038885794058690e+00
7.007007007006960109e-03 9.896287144523723267e-01 7.150163237512817682e-01
9.009009009008916991e-03 1.042673068828794403e+00 1.220319697472648679e+00
1.101101101101109592e-02 1.058614247278014231e+00 8.791645539508373686e-01
1.301301301301305280e-02 8.469380705208948701e-01 1.210977476471887249e+00
1.501501501501500968e-02 1.006190320549684269e+00 1.037550592351042411e+00
1.701701701701696656e-02 9.323675677066901590e-01 1.029579426068391701e+00
1.901901901901892344e-02 8.952641771840198492e-01 1.057163267143820473e+00
2.102102102102110237e-02 1.126109822433496666e+00 7.771229835361351812e-01
2.302302302302305925e-02 9.516737084649997680e-01 5.105046482757331638e-01
2.502502502502501613e-02 9.973009672611458099e-01 1.307604983992972203e+00
2.702702702702697302e-02 8.958272291021560640e-01 7.568228078636619616e-01
2.902902902902892990e-02 1.036023392956936018e+00 1.372472733256356214e+00
3.103103103103110882e-02 9.234716245310106153e-01 7.974367683940042362e-01
3.303303303303306571e-02 8.998486178714502071e-01 7.291080211574821890e-01
3.503503503503502259e-02 8.975433732738398174e-01 1.249245790244868148e+00
3.703703703703697947e-02 1.044296343947269445e+00 6.798922317070277277e-01
3.903903903903893635e-02 1.119445148712031823e+00 6.923745684982340887e-01
4.104104104104111528e-02 1.022932185937191152e+00 1.266713541934991527e+00
4.304304304304307216e-02 7.855300667742366461e-01 2.977844917436829331e-01
4.504504504504502904e-02 9.144978799665760549e-01 8.389747961369805607e-01
4.704704704704698592e-02 1.191728566566526704e+00 7.864401904023828882e-01
4.904904904904894281e-02 9.797422557568510326e-01 2.669622019317902106e-01
5.105105105105112173e-02 9.021034248429710134e-01 1.200591092313413100e+00
5.305305305305307861e-02 9.520537035763982914e-01 1.367088770025929323e+00
5.505505505505503550e-02 8.075941117457575702e-01 6.233007150203855318e-01
5.705705705705699238e-02 9.038532598830488762e-01 1.052871865305539778e+00
5.905905905905894926e-02 8.482046397574811714e-01 9.187549753018979803e-01
6.106106106106112819e-02 8.808335574046154415e-01 9.253828182616931075e-01
6.306306306306308507e-02 9.641478262688225609e-01 1.253160646705854253e+00
6.506506506506504195e-02 1.005211615895406085e+00 1.237473655103235926e+00
6.706706706706699883e-02 8.008253831919460719e-01 3.260481623568440845e-01
6.906906906906895571e-02 7.535106853993001064e-01 9.717164969096629967e-01
7.107107107107113464e-02 9.269530489591215616e-01 8.221213266994205071e-01
7.307307307307309152e-02 9.108126715110411720e-01 1.470670567577930576e+00
7.507507507507504840e-02 9.308004117732285865e-01 8.065875200220639085e-01
7.707707707707700528e-02 7.607303934999251060e-01 8.505895672458161361e-01
7.907907907907896217e-02 9.379384285932163001e-01 6.690983632697643513e-01
8.108108108108114109e-02 7.986816407927176398e-01 6.911223020874253109e-01
8.308308308308309797e-02 9.393138667167907352e-01 -4.984351891930922651e-01
8.508508508508505486e-02 8.960978101858518841e-01 8.670712841468338761e-01
8.708708708708701174e-02 8.476009016512543459e-01 3.858090971335302877e-01
8.908908908908896862e-02 7.493061804751740551e-01 5.962772233398290211e-01
9.109109109109114755e-02 7.161550785849309930e-01 2.271438193940598094e+00
9.309309309309310443e-02 7.521077208299719041e-01 5.890448448339529186e-01
9.509509509509506131e-02 7.160115641521875851e-01 1.357734069279310729e+00
9.709709709709701819e-02 8.318171829280068819e-01 5.622220342110814117e-01
9.909909909909919712e-02 7.777324827886860081e-01 -1.497141853741638107e-01
1.011011011011011540e-01 8.127317388341186444e-01 4.973100673996386778e-01
1.031031031031031109e-01 7.735116957598612286e-01 1.236404819942863220e+00
1.051051051051050678e-01 7.906933549145400697e-01 6.213245382337501121e-01
1.071071071071070246e-01 7.773265226372199077e-01 8.675875334068930966e-01
1.091091091091092036e-01 7.629188702424176682e-01 9.570884226417640805e-01
1.111111111111111605e-01 7.885242440001423159e-01 8.874005274611923566e-01
1.131131131131131173e-01 6.310500841673369887e-01 1.369058556820685446e+00
1.151151151151150742e-01 6.618492036662165789e-01 8.182768436469416429e-01
1.171171171171170311e-01 6.776310817115394070e-01 1.166147823342214007e+00
1.191191191191192100e-01 4.859903175515528084e-01 1.364598575160779204e+00
1.211211211211211669e-01 8.857271666222901185e-01 1.102887058567013412e+00
1.231231231231231238e-01 6.515833593912447874e-01 -7.451494845187445204e-02
1.251251251251250807e-01 7.257788451228646132e-01 5.895446157664473441e-01
1.271271271271270376e-01 6.658929662526062998e-01 7.372070489512548841e-01
1.291291291291292165e-01 6.285386071181644496e-01 1.636049904679953704e-01
1.311311311311311734e-01 5.942657792152737928e-01 9.104753872222656197e-01
1.331331331331331302e-01 7.387499620424080593e-01 1.198975056960538410e-03
1.351351351351350871e-01 7.267917886861245957e-01 1.530120620617104299e+00
1.371371371371370440e-01 6.887747310824411384e-01 -1.764482236372512114e-01
1.391391391391392229e-01 7.806626901552271569e-01 7.050336045941555385e-01
1.411411411411411798e-01 7.247852506036104314e-01 -7.861756554722133528e-01
1.431431431431431367e-01 6.155087272562473899e-01 1.023761533650656919e+00
1.451451451451450936e-01 6.601158180115211938e-01 1.756279075775028509e-01
1.471471471471470505e-01 6.161003439159460360e-01 7.749829026124567255e-01
1.491491491491492294e-01 8.257789494109726292e-01 -2.743447924581050579e-01
1.511511511511511863e-01 6.516860580962248184e-01 2.784666310675555367e-01
1.531531531531531432e-01 4.225565148596437393e-01 1.105497930109532012e+00
1.551551551551551000e-01 8.290368939251874236e-01 6.644924160646438205e-01
1.571571571571570569e-01 4.807930163145796021e-01 2.726431995100743744e-01
1.591591591591592358e-01 8.073334593672436554e-01 9.497836685569921444e-01
1.611611611611611927e-01 6.099811362766330847e-01 4.256227083917676346e-01
1.631631631631631496e-01 6.085408497939557293e-01 1.285727384499713022e+00
1.651651651651651065e-01 6.298925286906625898e-01 9.404898244793468143e-01
1.671671671671670634e-01 5.734973832516134795e-01 1.334466744784772896e+00
1.691691691691692423e-01 6.435024059048150002e-01 2.505421250786954435e-01
1.711711711711711992e-01 5.457067785415857797e-01 1.951091252229308459e+00
1.731731731731731561e-01 4.353287798961515964e-01 -4.417395623525721682e-03
1.751751751751751129e-01 6.043794375440315614e-01 -4.159928841814084510e-01
1.771771771771770698e-01 5.876155938190424921e-01 1.377543655476708206e+00
1.791791791791792487e-01 5.593433641292514524e-01 6.517550963357244820e-01
1.811811811811812056e-01 6.650017053320176341e-01 4.686630275738656870e-02
1.831831831831831625e-01 5.895862561132081403e-01 1.767660305382268149e+00
1.851851851851851194e-01 5.909344661015313305e-01 2.038989271365075906e-01
1.871871871871870763e-01 5.512110602412264582e-01 5.243139194521232449e-01
1.891891891891892552e-01 4.406532999820298446e-01 8.066878195727962275e-01
1.911911911911912121e-01 4.651227183583779845e-01 1.001892253636993413e-02
1.931931931931931690e-01 5.306314493584382008e-01 8.317436675994416273e-01
1.951951951951951258e-01 4.465190132543862545e-01 8.367843675069558396e-02
1.971971971971970827e-01 5.576595909855610600e-01 4.099985257705190955e-02
1.991991991991992617e-01 5.643839377970677473e-01 1.246243624512874959e+00
2.012012012012012185e-01 5.612991404343028456e-01 1.229022144138205652e+00
2.032032032032031754e-01 6.282743754981093831e-01 5.013505594944980270e-01
2.052052052052051323e-01 4.056911009880925234e-01 -9.311755568693874663e-02
2.072072072072070892e-01 2.860137361806858181e-01 -5.061635235607605532e-01
2.092092092092092681e-01 4.838946037594452076e-01 3.407976109541672738e-01
2.112112112112112250e-01 5.731682227843606370e-01 6.973503312998328152e-01
2.132132132132131819e-01 4.025325689019564335e-01 5.027269105769170965e-01
2.152152152152151388e-01 4.434521978985505042e-01 9.754476902900616198e-02
2.172172172172173177e-01 4.657892138516915304e-01 1.136050940772524775e+00
2.192192192192192746e-01 4.351740341276236212e-01 7.757222523303071160e-01
2.212212212212212314e-01 5.003273075010727933e-01 5.111369530526592708e-01
2.232232232232231883e-01 4.554734370202155880e-01 1.649517482620487807e-01
2.252252252252251452e-01 3.053652081376727612e-01 -5.067295282696782088e-02
2.272272272272273241e-01 6.142029011173506525e-01 3.020849214395375792e-01
2.292292292292292810e-01 5.016183192688350445e-01 -3.881936483158045514e-01
2.312312312312312379e-01 4.356462550080114626e-01 1.186978803996211251e+00
2.332332332332331948e-01 4.382168795592272792e-01 1.963971686208242640e-01
2.352352352352351517e-01 3.221729362895350279e-01 4.618578731818193117e-01
2.372372372372373306e-01 3.010670838842905983e-01 -5.495321652981082217e-01
2.392392392392392875e-01 3.259346332379980948e-01 6.131459050931562516e-01
2.412412412412412444e-01 4.819893854965652258e-01 8.285245227033355420e-01
2.432432432432432012e-01 5.780998263942594972e-01 1.395354435670051796e+00
2.452452452452451581e-01 4.931538031637257014e-01 1.046269302202996965e+00
2.472472472472473370e-01 3.718160690087060072e-01 5.008195739375985722e-01
2.492492492492492939e-01 4.572656940788867308e-01 1.661759802103591477e-01
2.512512512512512508e-01 5.303341360121256454e-01 1.366498763759795287e-01
2.532532532532532077e-01 3.166770730159421676e-01 5.360697381822692176e-01
2.552552552552551646e-01 4.962171060927449417e-01 -1.981464605497951226e-02
2.572572572572573435e-01 4.544118340506225762e-01 -1.232409447843674233e-01
2.592592592592593004e-01 2.933583696467194635e-01 3.496014925779106219e-01
2.612612612612612573e-01 4.304372978063781274e-01 1.580960727365009477e-01
2.632632632632632141e-01 5.856770207423775965e-01 7.116413320007147769e-01
2.652652652652651710e-01 3.400411587239839939e-01 -2.829372002775588646e-01
2.672672672672673500e-01 4.624806134115807543e-01 -9.932682241131185474e-02
2.692692692692693068e-01 3.311125618130514314e-01 3.686922809885991303e-01
2.712712712712712637e-01 4.465518372173531425e-01 -1.164821212901739345e-01
2.732732732732732206e-01 2.793651136634514032e-01 1.503667557527474108e-01
2.752752752752751775e-01 3.090503876164696351e-01 -2.943903746381201780e-01
2.772772772772773564e-01 3.785520468633570279e-01 -6.989361959749545994e-02
2.792792792792793133e-01 4.680724252360910498e-01 9.016691009036210680e-01
2.812812812812812702e-01 4.735761358261276754e-01 9.559286644018494261e-01
2.832832832832832270e-01 2.983573867405400759e-01 2.197381200865272666e-01
2.852852852852851839e-01 4.293059471125507676e-01 9.570142522978033472e-01
2.872872872872873629e-01 4.097648964720383979e-01 2.257753906605663441e-01
2.892892892892893197e-01 4.904440186899647336e-01 -7.762695834917288096e-02
2.912912912912912766e-01 2.852951143273737555e-01 9.762254988830489921e-01
2.932932932932932335e-01 2.596710024639825032e-01 1.762193537506035801e+00
2.952952952952951904e-01 4.493981836427917154e-01 1.816164968206104291e+00
2.972972972972973693e-01 2.039986444888216011e-01 1.310626791620426612e+00
2.992992992992993262e-01 2.585841876282496399e-01 -5.334285942888996601e-01
3.013013013013012831e-01 2.332439424669666139e-01 9.133156838757445772e-01
3.033033033033032400e-01 3.430812900539560450e-01 7.974721293880998596e-01
3.053053053053051968e-01 2.291839882935317596e-01 -6.981943299605586351e-02
3.073073073073073758e-01 2.218830116311557576e-01 7.294077053811116595e-01
3.093093093093093326e-01 3.495388009412225827e-01 6.029294057243765881e-01
3.113113113113112895e-01 4.581585845029251258e-01 -5.701821294026641063e-01
3.133133133133132464e-01 3.576822134671239217e-01 -7.561507068126044340e-02
3.153153153153152033e-01 3.528848515571458844e-01 -2.534039101653792758e-01
3.173173173173173822e-01 2.785856003691226102e-01 1.258260704655230544e+00
3.193193193193193391e-01 3.182460668074046373e-01 1.454521534018163198e+00
3.213213213213212960e-01 2.523305801635137846e-01 9.466731707517797023e-01
3.233233233233232529e-01 2.346044417326306752e-01 1.430650189370913594e+00
3.253253253253252097e-01 1.520734637821167246e-01 3.824793286092296740e-01
3.273273273273273887e-01 2.453736282838529514e-01 4.643587001087761124e-01
3.293293293293293456e-01 2.634639011407782783e-01 2.659431269751851845e-01
3.313313313313313024e-01 3.620989296104930588e-01 1.790975521061670128e-01
3.333333333333332593e-01 2.825979035896584168e-01 7.183432668443281433e-01
3.353353353353352162e-01 2.455163165649742185e-01 -6.623035048956973370e-01
3.373373373373373951e-01 1.157721274907879960e-01 -6.179074207918124895e-01
3.393393393393393520e-01 8.334628824592202334e-02 6.092006353443474298e-02
3.413413413413413089e-01 2.548003009630587234e-01 -1.459236754663576496e-01
3.433433433433432658e-01 2.163988047331729114e-01 -7.702806381514089029e-01
3.453453453453452227e-01 2.612142572555974374e-01 1.035011222940497744e+00
3.473473473473474016e-01 1.841224354076126390e-01 1.516325749709519055e+00
3.493493493493493585e-01 2.805177150969949129e-01 8.648274620449221128e-01
3.513513513513513153e-01 1.440899499837586528e-01 1.653426943953778538e-01
3.533533533533532722e-01 3.477243845029192038e-01 5.323246239274541658e-01
3.553553553553554512e-01 3.525389396832326883e-01 3.234362230285766637e-01
3.573573573573574080e-01 -7.985795270170509275e-02 1.044605518235542652e-01
3.593593593593593649e-01 2.167557840776366263e-01 -5.275752168588611069e-01
3.613613613613613218e-01 9.101985278663324297e-02 3.715017775508580589e-02
3.633633633633632787e-01 2.228911820597534454e-01 3.981688908938887383e-01
3.653653653653654576e-01 7.550688284923351423e-02 -9.380346023496924368e-02
3.673673673673674145e-01 -1.154636971367078990e-02 4.740817203889827747e-01
3.693693693693693714e-01 2.257576499506915857e-01 5.521830819143412894e-01
3.713713713713713283e-01 2.570732795006107629e-01 -2.655262553476447906e-02
3.733733733733732851e-01 2.305417610305752762e-01 6.664115578179527488e-02
3.753753753753754641e-01 4.072549354422533296e-01 -6.020903368198953221e-01
3.773773773773774209e-01 2.901243617659602370e-01 4.240672925019821626e-01
3.793793793793793778e-01 1.755515180630043970e-01 -6.204023641026609748e-02
3.813813813813813347e-01 1.147427207977639863e-01 -4.572284142131444185e-02
3.833833833833832916e-01 1.581442176996462889e-01 1.041180015272263670e+00
3.853853853853854705e-01 1.612918438744836702e-01 -2.021514972841095825e-01
3.873873873873874274e-01 2.542649619050484922e-01 9.859016420707378270e-01
3.893893893893893843e-01 1.662179736460395185e-01 8.049394557806615058e-01
3.913913913913913412e-01 2.310977202636858852e-01 3.462740089599716242e-01
3.933933933933932980e-01 2.455241636470468780e-01 5.489157961081143622e-01
3.953953953953954770e-01 2.165060210869743929e-01 2.130919823889959597e-01
3.973973973973974338e-01 1.574185958729679424e-01 1.873813024085638490e-01
3.993993993993993907e-01 2.407386176105161535e-01 1.255627330251932294e+00
4.014014014014013476e-01 3.061969234663894368e-01 3.249037100270814049e-01
4.034034034034033045e-01 -1.214628522627123064e-02 3.369259316635483392e-01
4.054054054054054834e-01 3.754136452517423117e-01 -4.447248803112957560e-02
4.074074074074074403e-01 1.061915697639337075e-01 2.679151820480554225e-01
4.094094094094093972e-01 4.799147906030554189e-02 -1.821877572658832656e-01
4.114114114114113541e-01 2.680865972301083588e-01 -6.093494797950982367e-02
4.134134134134133109e-01 2.138122560545855366e-01 3.110324892833004062e-01
4.154154154154154899e-01 2.011001625975620821e-01 1.370120230942556139e-01
4.174174174174174468e-01 2.437732507477816946e-01 4.375194153220340887e-02
4.194194194194194036e-01 2.472997301841965978e-01 -2.611365496625615568e-01
4.214214214214213605e-01 2.338637931522585256e-01 3.654662965955813858e-01
4.234234234234233174e-01 1.875286149988688034e-01 1.961369004896841017e-01
4.254254254254254963e-01 -1.289009368147839008e-01 2.440893320033044045e-02
4.274274274274274532e-01 2.446028496462153146e-01 4.072088542094168817e-01
4.294294294294294101e-01 2.314690910520409983e-01 2.024754374604365026e-01
4.314314314314313670e-01 1.109212819457757460e-01 1.247559202932622402e-01
4.334334334334333239e-01 1.146057286195358155e-01 7.485202617501074407e-01
4.354354354354355028e-01 2.207782907839898057e-01 7.307551548346817860e-01
4.374374374374374597e-01 1.184036320400071590e-01 5.355595192335960153e-01
4.394394394394394165e-01 3.197997115628864462e-02 5.702185754757112257e-02
4.414414414414413734e-01 2.974174503115245560e-02 -6.577315246028828111e-02
4.434434434434433303e-01 1.968839138649710330e-01 8.923720701666988386e-01
4.454454454454455092e-01 1.889356662283236954e-01 9.695079196161388024e-01
4.474474474474474661e-01 2.953302096617982375e-01 1.026186359429760664e+00
4.494494494494494230e-01 6.851817734735343723e-02 -7.236002107017632801e-01
4.514514514514513799e-01 2.544865849660694623e-01 5.153804632622478454e-01
4.534534534534533368e-01 1.559379909015811416e-01 -3.104367241962517898e-01
4.554554554554555157e-01 5.202903118076486477e-02 5.805989648330489583e-01
4.574574574574574726e-01 1.859303548800475270e-01 7.025444723354654641e-01
4.594594594594594295e-01 2.108063110869965173e-01 -2.501729623898146793e-01
4.614614614614613863e-01 3.183076400697594233e-01 4.546895849669362333e-01
4.634634634634633432e-01 4.600989870449138930e-02 1.937065681016311713e-01
4.654654654654655221e-01 -1.010903107898661335e-02 2.274669030888307464e-01
4.674674674674674790e-01 2.435535836693398237e-01 -1.144553485886167510e-01
4.694694694694694359e-01 9.724168508115357823e-02 4.014205247941667054e-02
4.714714714714713928e-01 1.651166952246316544e-01 -3.553237050381582995e-02
4.734734734734735717e-01 1.165519790752983509e-01 7.900769425382674072e-02
4.754754754754755286e-01 1.602763194130095714e-01 -2.366055866354705162e-01
4.774774774774774855e-01 1.939123250126589815e-02 -7.356337198553630774e-02
4.794794794794794424e-01 4.397286401063545958e-01 -2.063052873662300779e-01
4.814814814814813992e-01 1.109002241261215771e-01 -1.345731287286061617e-01
4.834834834834835782e-01 1.166702848382390190e-01 -6.607522348888668073e-01
4.854854854854855351e-01 4.097927265141801390e-02 5.288151647272195666e-01
4.874874874874874919e-01 1.490626623532552708e-01 9.559123453181836982e-01
4.894894894894894488e-01 1.850966885532286388e-01 1.134000117672977481e-01
4.914914914914914057e-01 1.696732131703453661e-01 2.945453222818331107e-02
4.934934934934935846e-01 1.165683435421586978e-01 6.411848483803768151e-01
4.954954954954955415e-01 5.033554390937985956e-02 9.406571221869368671e-01
4.974974974974974984e-01 1.786680233964132447e-01 -5.835626657347467439e-02
4.994994994994994553e-01 1.067901950924685511e-01 -4.477495750676259156e-01
5.015015015015014122e-01 1.461145936340058071e-04 3.765761901113764964e-01
5.035035035035035911e-01 4.318137480450071064e-02 4.592665202295012072e-01
5.055055055055055480e-01 8.488139181922775556e-02 4.995779588722967235e-01
5.075075075075075048e-01 7.907706519107629561e-02 -4.292835781103079285e-01
5.095095095095094617e-01 -1.477291473680039935e-01 2.275154441594554600e-01
5.115115115115114186e-01 1.761885358359494280e-01 -3.675214029281603789e-01
5.135135135135135975e-01 1.419641231224204603e-01 3.265142583351959282e-01
5.155155155155155544e-01 7.377963316671573568e-02 1.143571748246601794e-01
5.175175175175175113e-01 1.519964182248446372e-01 6.415421832093500809e-01
5.195195195195194682e-01 1.325776281948743418e-01 4.542956850488844567e-01
5.215215215215214251e-01 9.288945340863297151e-02 2.472525985085534672e-01
5.235235235235236040e-01 9.537302115447325590e-02 5.338730302610068534e-01
5.255255255255255609e-01 7.806928029162679694e-02 4.130174782330776617e-01
5.275275275275275177e-01 1.559270557268465363e-01 2.431065134486209700e-01
5.295295295295294746e-01 1.064630304269999633e-01 -6.441957739638615177e-01
5.315315315315314315e-01 1.943287154731828115e-01 3.685645316953007344e-01
5.335335335335336104e-01 1.048772333478809465e-01 7.122173475825100963e-01
5.355355355355355673e-01 7.383164287983737251e-02 3.415797109743097804e-01
5.375375375375375242e-01 1.694213249995596970e-01 3.935460426993478977e-01
5.395395395395394811e-01 1.055183761309638341e-01 -1.693081703908480007e-01
5.415415415415414380e-01 6.435433370935508823e-02 3.594168046050577603e-01
5.435435435435436169e-01 2.923161333115305294e-02 -2.203322161488339703e-01
5.455455455455455738e-01 2.240017446111162158e-01 -7.261819906391711044e-01
5.475475475475475307e-01 1.905492545062901777e-01 2.138014631086107564e-01
5.495495495495494875e-01 1.289110759668206374e-01 9.551040024214301205e-01
5.515515515515514444e-01 3.050399643633154578e-02 -7.320365789646456900e-01
5.535535535535536233e-01 3.412650911132013576e-01 9.288857798613574523e-01
5.555555555555555802e-01 2.672797930255280674e-01 2.479033951084039789e-01
5.575575575575575371e-01 2.283085133231719244e-01 -8.988074694455057134e-01
5.595595595595594940e-01 1.555755977122611489e-01 -2.575767947179142814e-01
5.615615615615614509e-01 8.600953709548851689e-02 4.513482997545954500e-01
5.635635635635636298e-01 1.839291941908958172e-01 6.340267594252992911e-01
5.655655655655655867e-01 1.400069210057028890e-01 5.228225964491402949e-02
5.675675675675675436e-01 1.412502880755157619e-01 -1.833318858632553283e-01
5.695695695695695004e-01 6.674553196091523311e-02 7.784600503137228955e-01
5.715715715715714573e-01 1.083933587025850409e-01 6.870781014963681654e-01
5.735735735735736363e-01 4.179970176700513462e-02 -1.215709723979200019e-01
5.755755755755755931e-01 1.906711952222337192e-01 -8.211002657242068292e-02
5.775775775775775500e-01 8.544634259839534174e-02 1.103946250258340256e-01
5.795795795795795069e-01 3.275052354717879477e-01 1.099636018905976315e-01
5.815815815815814638e-01 5.221194750354076625e-02 -8.613146854758005344e-02
5.835835835835836427e-01 1.219252356286042310e-01 8.816958310074807237e-01
5.855855855855855996e-01 2.805290814697061763e-01 5.481560371852839397e-01
5.875875875875875565e-01 1.747836020779962307e-02 -2.965303267030765522e-01
5.895895895895895134e-01 2.209061706549431681e-01 -4.163402763189046341e-01
5.915915915915914702e-01 3.742678542174623924e-03 -2.816984791235343510e-01
5.935935935935936492e-01 1.110108921527339920e-01 5.899106594734142561e-01
5.955955955955956060e-01 9.338928061963144844e-02 6.109772907826922506e-01
5.975975975975975629e-01 8.365653998182644158e-02 -7.071203035983056884e-01
5.995995995995995198e-01 2.503432002018232683e-01 1.065126387657246543e+00
6.016016016016014767e-01 2.332810148687889384e-01 -1.827417107303032362e-02
6.036036036036036556e-01 1.708004880590080488e-01 4.290331876713774917e-01
6.056056056056056125e-01 9.013757271569605711e-02 7.117597855891644176e-01
6.076076076076075694e-01 -6.904968870422972804e-02 -1.975784772463458072e-01
6.096096096096095263e-01 1.669108656002255553e-01 1.147477339307534094e-01
6.116116116116117052e-01 9.387879161443524190e-02 4.078744144347049017e-01
6.136136136136136621e-01 2.039292088763183797e-02 -6.864691097076563997e-01
6.156156156156156189e-01 1.192516817823464220e-01 -1.353486807266438829e-01
6.176176176176175758e-01 1.170858127280679228e-01 9.062516241389398375e-02
6.196196196196195327e-01 7.795076315764168373e-02 5.544985140758037501e-01
6.216216216216217116e-01 1.375896751468440316e-01 1.977579671417945550e-01
6.236236236236236685e-01 3.278617946566168007e-01 1.146812056553055681e-01
6.256256256256256254e-01 5.966635365702169236e-02 3.423917813929815979e-01
6.276276276276275823e-01 2.037553174450986160e-01 4.167894841144865747e-01
6.296296296296295392e-01 3.231245885221019631e-01 5.090210461263298264e-02
6.316316316316317181e-01 1.383756469509753451e-01 -3.859467829685462870e-01
6.336336336336336750e-01 1.175968286620818759e-01 -8.414995071793288650e-01
6.356356356356356319e-01 1.986781596590174725e-01 -1.158378728849390055e-01
6.376376376376375887e-01 9.969250070052403101e-02 3.278561317317740809e-01
6.396396396396395456e-01 1.307996647088003617e-01 -5.020067085400652385e-01
6.416416416416417245e-01 -4.403529829744985691e-02 -4.686683317473175903e-01
6.436436436436436814e-01 8.112770810745133232e-02 4.357208410313989644e-01
6.456456456456456383e-01 2.312757998449874175e-01 5.813458124008969996e-01
6.476476476476475952e-01 9.609001150178977935e-02 6.694053283521954612e-01
6.496496496496495521e-01 2.856626533870882390e-01 -7.410676937903558636e-01
6.516516516516517310e-01 9.565168925670841649e-02 -2.172200543587424204e-03
6.536536536536536879e-01 1.689096717583451479e-01 4.689129608867447230e-01
6.556556556556556448e-01 8.000895305401808932e-03 -4.935350246007530473e-01
6.576576576576576016e-01 6.750302914130983101e-02 -4.366092356833468635e-01
6.596596596596595585e-01 4.889208830619550666e-02 -2.619676204599324931e-02
6.616616616616617375e-01 9.407988099894062928e-02 -3.245256922184117654e-01
6.636636636636636943e-01 1.534515257149649259e-01 6.612082368955104483e-01
6.656656656656656512e-01 2.977479968117865972e-02 1.397657897063046550e-01
6.676676676676676081e-01 -3.296801696860723885e-02 -1.546764556266139734e-01
6.696696696696695650e-01 8.795337293810902290e-02 -3.629978698248741420e-01
6.716716716716717439e-01 1.524205059789447980e-01 1.928188267132500966e-01
6.736736736736737008e-01 2.358304763493038747e-01 2.026127024986120184e-01
6.756756756756756577e-01 -3.813054090314363376e-02 -2.450096131850370840e-01
6.776776776776776146e-01 -1.042113340110927960e-01 -8.764677080768473738e-03
6.796796796796795714e-01 2.854794354805286621e-02 -8.180947682403261201e-02
6.816816816816817504e-01 2.135444829890470464e-01 -6.031062590222359132e-01
6.836836836836837072e-01 -3.718582695071866173e-02 1.958384476388192741e-01
6.856856856856856641e-01 2.452113653961201373e-02 1.559618531509825434e-01
6.876876876876876210e-01 2.380515514925009013e-01 2.362427784203979808e-01
6.896896896896895779e-01 4.927669004595608415e-02 4.726670462835790287e-01
6.916916916916917568e-01 7.428445153558838054e-02 1.371332148809271123e-01
6.936936936936937137e-01 9.726595181317479466e-02 2.633837684845808935e-01
6.956956956956956706e-01 1.544170595278870628e-01 1.033979258276718216e-01
6.976976976976976275e-01 6.120450699552928281e-02 -7.310908421778974375e-01
6.996996996996995843e-01 -1.080188718451576407e-01 -1.103934070756192459e-01
7.017017017017017633e-01 6.358787792954556650e-02 4.351863490466094664e-01
7.037037037037037202e-01 1.107276737939297540e-01 -1.459414632707523585e-01
7.057057057057056770e-01 -2.095752750720523971e-01 -7.946525441999324757e-02
7.077077077077076339e-01 2.002886109366500689e-01 -7.922539672024846158e-02
7.097097097097095908e-01 5.277568833647469648e-02 1.262501249782597812e+00
7.117117117117117697e-01 -9.265585842336065969e-02 -2.487465655517483998e-01
7.137137137137137266e-01 2.659198331779095981e-02 -7.138035575261949539e-01
7.157157157157156835e-01 2.467548460260627352e-01 -7.114885245268893765e-01
7.177177177177176404e-01 1.510744527492632328e-01 1.841598523166700085e-01
7.197197197197195973e-01 8.773413355521306189e-02 -2.867293079466635697e-01
7.217217217217217762e-01 6.071503462153548386e-02 -7.251773116455700885e-02
7.237237237237237331e-01 -1.486324656674994915e-01 3.450823963188861532e-01
7.257257257257256899e-01 6.587779607921005753e-02 4.179492219311700674e-01
7.277277277277276468e-01 1.700372194731988307e-01 -2.807668860041352410e-01
7.297297297297298257e-01 -1.591881971837288967e-02 1.069236013992020728e+00
7.317317317317317826e-01 1.266760032003921010e-01 8.558646773382579953e-01
7.337337337337337395e-01 -8.574091735412958659e-03 8.908772329128211709e-01
7.357357357357356964e-01 1.290479163677085150e-01 3.027386015082734749e-01
7.377377377377376533e-01 -6.424424070729140013e-02 1.740281314848619032e-01
7.397397397397398322e-01 1.053390833314130082e-01 1.741304065283411640e-01
7.417417417417417891e-01 -6.798484743376687067e-02 5.578900618847575377e-01
7.437437437437437460e-01 -8.919150286226636137e-02 -8.208672307497236753e-01
7.457457457457457028e-01 1.958421708897291336e-02 6.947408738934748307e-01
7.477477477477476597e-01 3.619278774203730370e-02 5.028900354504814985e-01
7.497497497497498387e-01 7.752672393109297233e-02 2.574229477763927409e-01
7.517517517517517955e-01 -3.075134364784234964e-02 5.403377667114172000e-01
7.537537537537537524e-01 1.811282449154989760e-02 2.649183387328657435e-01
7.557557557557557093e-01 5.902150491043353653e-02 -2.876414672674389994e-01
7.577577577577576662e-01 1.789265014251756325e-01 2.765852173770408928e-01
7.597597597597598451e-01 1.761785177874616859e-01 3.963663666734732471e-01
7.617617617617618020e-01 7.536789055490453193e-02 -3.263331939208650723e-01
7.637637637637637589e-01 2.116935280363416716e-01 -5.543357280017230382e-02
7.657657657657657158e-01 5.620750365620491573e-02 6.417073893970760834e-03
7.677677677677676726e-01 2.847383799852558073e-01 -2.647800075482124593e-01
7.697697697697698516e-01 2.040436398337226453e-01 8.129021792179127459e-01
7.717717717717718084e-01 1.912213010669903263e-02 2.553801825022201655e-01
7.737737737737737653e-01 -1.314670507672893729e-04 -6.331610256022755789e-02
7.757757757757757222e-01 3.778106332329327077e-02 7.482890920218771003e-01
7.777777777777776791e-01 1.709787753840282254e-01 -1.009627206014716699e-01
7.797797797797798580e-01 -1.788624602390982699e-02 -1.596786712296637489e+00
7.817817817817818149e-01 1.207241518664072255e-01 -7.654134304152090396e-01
7.837837837837837718e-01 9.130785958211570796e-02 1.606752703041114394e-03
7.857857857857857287e-01 1.935696976332288433e-01 5.701801754967923408e-01
7.877877877877876855e-01 -3.539684859312163673e-02 5.279159342785343378e-01
7.897897897897898645e-01 2.593572504560901631e-02 -2.408421766543776266e-01
7.917917917917918214e-01 -2.022998616752786499e-02 1.398662927262277755e-01
7.937937937937937782e-01 1.733782168881412289e-01 -1.778947165324358259e-01
7.957957957957957351e-01 2.684504156701570388e-01 -4.253557527024139362e-01
7.977977977977976920e-01 1.269882640072221847e-01 6.343731783269002111e-01
7.997997997997998709e-01 1.480155278433782917e-01 6.971533275075246783e-01
8.018018018018018278e-01 -8.443609234216990778e-03 -3.564424706465844639e-01
8.038038038038037847e-01 1.852919742895428323e-01 1.699465051761191170e-01
8.058058058058057416e-01 -2.915355267063111239e-02 -5.426444468066579097e-01
8.078078078078076985e-01 5.984913411197279737e-02 2.228866426521589061e-01
8.098098098098098774e-01 -8.593857678226547725e-03 3.848708750582797711e-01
8.118118118118118343e-01 2.684071405635141475e-02 3.292746682984252771e-01
8.138138138138137911e-01 1.126390864918530021e-01 7.702234023895788706e-01
8.158158158158157480e-01 1.948832860647292664e-01 2.438948773074636756e-01
8.178178178178177049e-01 -5.611270910551308805e-02 1.776215236657853191e-01
8.198198198198198838e-01 -2.162221002142926396e-02 4.719048414254117807e-01
8.218218218218218407e-01 7.915747565967058696e-02 -4.592765064568134215e-02
8.238238238238237976e-01 4.933755306151211412e-02 -3.654375741543263167e-01
8.258258258258257545e-01 8.708686588623876235e-02 -7.021561834624211462e-01
8.278278278278277114e-01 -1.581259503019501189e-02 2.205794736559999469e-01
8.298298298298298903e-01 -9.959040490535864265e-04 -1.006334164683265975e+00
8.318318318318318472e-01 -4.733286396788282530e-02 2.693071786100321163e-01
8.338338338338338041e-01 9.946519771208191252e-02 -7.768043901598957468e-03
8.358358358358357609e-01 -1.310589882322660271e-03 -2.290492265861033411e-02
8.378378378378377178e-01 1.194473458143153061e-01 9.650149144867878892e-01
8.398398398398398967e-01 1.241988292486242151e-01 -8.714174746759572043e-01
8.418418418418418536e-01 7.579893202548931841e-02 -7.563169600648529389e-01
8.438438438438438105e-01 1.755294313223261238e-01 -8.683999979039005446e-01
8.458458458458457674e-01 1.275744118917190306e-01 -2.308021086465608662e-01
8.478478478478477243e-01 1.868987215522816270e-01 -2.467733603700422718e-02
8.498498498498499032e-01 -2.414792835746797789e-02 8.393837489865861867e-01
8.518518518518518601e-01 1.514069811420470091e-01 -8.214256383202458434e-01
8.538538538538538170e-01 8.476497412694271316e-02 -9.730722662249262633e-01
8.558558558558557738e-01 4.105494601814527189e-02 2.398456088451435819e-01
8.578578578578577307e-01 2.302041364431460513e-01 6.426260451995309264e-01
8.598598598598599096e-01 -2.147590561041936436e-02 1.076138012494424340e-02
8.618618618618618665e-01 5.369773271334070397e-02 3.647777605894088060e-01
8.638638638638638234e-01 7.009563034390162151e-02 -4.866858655730217365e-01
8.658658658658657803e-01 2.849497783520909405e-02 -9.201497152003088043e-02
8.678678678678679592e-01 1.318132479930677337e-01 -1.455074951321513599e-01
8.698698698698699161e-01 2.110728038014600683e-01 1.276608265952281718e+00
8.718718718718718730e-01 1.590596126210211680e-01 -4.027224306393589748e-01
8.738738738738738299e-01 -6.376526666470755389e-02 -6.073557864742065160e-01
8.758758758758757867e-01 -2.972285964661429414e-02 -6.435643945315762393e-02
8.778778778778779657e-01 1.452169265929299513e-01 -3.092815778808911120e-01
8.798798798798799226e-01 -4.345739040743889364e-02 -2.367769432441596267e-01
8.818818818818818794e-01 3.957388133476553993e-02 -6.965212785466330381e-01
8.838838838838838363e-01 -5.700122731630788420e-02 2.322335646278979315e-02
8.858858858858857932e-01 -1.547422576605805844e-01 -6.001441089595225264e-01
8.878878878878879721e-01 -1.317148317706141325e-01 1.319020258000995316e+00
8.898898898898899290e-01 -2.106799492949502917e-02 6.364913001081555499e-02
8.918918918918918859e-01 1.133180056201507635e-01 6.835104291918148167e-01
8.938938938938938428e-01 6.261681796313750548e-02 -6.790827515526596247e-01
8.958958958958957997e-01 7.544309097839319023e-02 -3.964007609338278670e-01
8.978978978978979786e-01 8.932548730032542628e-02 -8.828199808560539819e-03
8.998998998998999355e-01 3.966275870110310547e-02 -5.463478482806769509e-01
9.019019019019018923e-01 1.600850381357772079e-01 1.597720648453029579e-01
9.039039039039038492e-01 6.083656896297552630e-02 -7.084824500805609881e-01
9.059059059059058061e-01 6.237637569689309658e-02 1.037704157171259078e+00
9.079079079079079850e-01 2.104111534989397403e-01 -2.810705690912189414e-02
9.099099099099099419e-01 1.443315805016202186e-02 -7.396455138832709331e-01
9.119119119119118988e-01 7.141407630288462705e-02 8.086540547632143916e-01
9.139139139139138557e-01 7.118691484234127009e-02 -6.668839648959460353e-01
9.159159159159158126e-01 1.809946211795969984e-01 -2.688680650672712336e-01
9.179179179179179915e-01 1.610789461120419597e-01 3.294547228406633499e-01
9.199199199199199484e-01 -6.480604608818610335e-02 -2.483293950802971106e-01
9.219219219219219053e-01 -4.167016547908398288e-02 -2.580213494808307195e-01
9.239239239239238621e-01 5.365465592840495956e-02 -7.766356836660700536e-01
9.259259259259258190e-01 5.678152346098649245e-02 3.298506390552083389e-01
9.279279279279279979e-01 2.348779497088387402e-01 1.320626838743372389e+00
9.299299299299299548e-01 1.100977328620534601e-01 4.388031062131750315e-01
9.319319319319319117e-01 4.336777768488864898e-02 -3.082445720456924443e-01
9.339339339339338686e-01 1.094625671626353047e-01 -6.214943775038839213e-01
9.359359359359358255e-01 -9.504906259561546333e-02 -5.024710121833250165e-01
9.379379379379380044e-01 8.162867836769514829e-02 1.437549097846006485e-01
9.399399399399399613e-01 1.047915379689885323e-01 -4.222636239240248335e-01
9.419419419419419182e-01 -1.648529848934427999e-01 7.040664393606145544e-02
9.439439439439438750e-01 -4.836143562048473427e-02 -5.882258571446248308e-01
9.459459459459458319e-01 2.767272676626830394e-02 2.008598636241014090e-01
9.479479479479480108e-01 -5.334327608670026699e-02 2.756778616429615969e-01
9.499499499499499677e-01 3.420182075839799107e-02 -6.895045186150586813e-01
9.519519519519519246e-01 3.912426756296039088e-02 7.078823144106310972e-02
9.539539539539538815e-01 -9.951905065738068934e-02 1.009347767567165821e-01
9.559559559559558384e-01 4.183304709482037892e-02 3.277907063594918124e-01
9.579579579579580173e-01 9.182689427539372784e-02 -8.069948721236003264e-02
9.599599599599599742e-01 1.908563047796951739e-01 7.305226282665400195e-01
9.619619619619619311e-01 -1.064804905757952974e-01 -6.052237877647688169e-01
9.639639639639638879e-01 -6.010259189754365433e-02 5.727617197409491379e-01
9.659659659659658448e-01 9.365477430790095092e-02 4.431401298520289966e-01
9.679679679679680238e-01 2.367504725797288101e-01 1.230499035563016541e+00
9.699699699699699806e-01 -1.057300762569233360e-02 2.667206514071011059e-01
9.719719719719719375e-01 5.500451859282592948e-02 5.076604365829775478e-01
9.739739739739738944e-01 -9.252306335527704650e-03 -2.892970550683771624e-01
9.759759759759758513e-01 -1.735918029589866574e-01 -6.963011941975153496e-01
9.779779779779780302e-01 -5.887777798882407737e-02 5.162495356655657508e-01
9.799799799799799871e-01 1.195891165130613248e-01 1.537867702358237665e-01
9.819819819819819440e-01 2.005129827744880217e-02 1.156125279007803874e-01
9.839839839839839009e-01 -2.580767146980585125e-03 -8.914535406906088921e-01
9.859859859859860798e-01 2.364828186149513234e-02 3.152451361537058072e-01
9.879879879879880367e-01 -8.911198537943858244e-03 2.248432840112105924e-01
9.899899899899899935e-01 -1.216621523581978281e-01 8.054595530266673853e-01
9.919919919919919504e-01 -8.840470692942367648e-02 -1.764728568445480816e-01
9.939939939939939073e-01 8.236519943587553017e-03 -3.739020125821463925e-01
9.959959959959960862e-01 -7.293028649498697891e-04 -3.703209443541753965e-01
9.979979979979980431e-01 -1.229977206972126119e-01 -1.424257233354402352e-01
1.000000000000000000e+00 1.015289749614503578e-01 7.580589682322322886e-01
